Release 14.7 - xst P.20131013 (nt64)
Copyright (c) 1995-2013 Xilinx, Inc.  All rights reserved.
--> Parameter TMPDIR set to xst/projnav.tmp


Total REAL time to Xst completion: 0.00 secs
Total CPU time to Xst completion: 0.06 secs
 
--> Parameter xsthdpdir set to xst


Total REAL time to Xst completion: 0.00 secs
Total CPU time to Xst completion: 0.08 secs
 
--> Reading design: RegisterFile_20101181_202.prj

TABLE OF CONTENTS
  1) Synthesis Options Summary
  2) HDL Parsing
  3) HDL Elaboration
  4) HDL Synthesis
       4.1) HDL Synthesis Report
  5) Advanced HDL Synthesis
       5.1) Advanced HDL Synthesis Report
  6) Low Level Synthesis
  7) Partition Report
  8) Design Summary
       8.1) Primitive and Black Box Usage
       8.2) Device utilization summary
       8.3) Partition Resource Summary
       8.4) Timing Report
            8.4.1) Clock Information
            8.4.2) Asynchronous Control Signals Information
            8.4.3) Timing Summary
            8.4.4) Timing Details
            8.4.5) Cross Clock Domains Report


=========================================================================
*                      Synthesis Options Summary                        *
=========================================================================
---- Source Parameters
Input File Name                    : "RegisterFile_20101181_202.prj"
Ignore Synthesis Constraint File   : NO

---- Target Parameters
Output File Name                   : "RegisterFile_20101181_202"
Output Format                      : NGC
Target Device                      : xa7a100t-2I-csg324

---- Source Options
Top Module Name                    : RegisterFile_20101181_202
Automatic FSM Extraction           : YES
FSM Encoding Algorithm             : Auto
Safe Implementation                : No
FSM Style                          : LUT
RAM Extraction                     : Yes
RAM Style                          : Auto
ROM Extraction                     : Yes
Shift Register Extraction          : YES
ROM Style                          : Auto
Resource Sharing                   : YES
Asynchronous To Synchronous        : NO
Shift Register Minimum Size        : 2
Use DSP Block                      : Auto
Automatic Register Balancing       : No

---- Target Options
LUT Combining                      : Auto
Reduce Control Sets                : Auto
Add IO Buffers                     : YES
Global Maximum Fanout              : 100000
Add Generic Clock Buffer(BUFG)     : 32
Register Duplication               : YES
Optimize Instantiated Primitives   : NO
Use Clock Enable                   : Auto
Use Synchronous Set                : Auto
Use Synchronous Reset              : Auto
Pack IO Registers into IOBs        : Auto
Equivalent register Removal        : YES

---- General Options
Optimization Goal                  : Speed
Optimization Effort                : 1
Power Reduction                    : NO
Keep Hierarchy                     : No
Netlist Hierarchy                  : As_Optimized
RTL Output                         : Yes
Global Optimization                : AllClockNets
Read Cores                         : YES
Write Timing Constraints           : NO
Cross Clock Analysis               : NO
Hierarchy Separator                : /
Bus Delimiter                      : <>
Case Specifier                     : Maintain
Slice Utilization Ratio            : 100
BRAM Utilization Ratio             : 100
DSP48 Utilization Ratio            : 100
Auto BRAM Packing                  : NO
Slice Utilization Ratio Delta      : 5

=========================================================================


=========================================================================
*                          HDL Parsing                                  *
=========================================================================
Parsing VHDL file "C:\Users\user\Desktop\MIPS\MIPS_DinaAshraf_20101181_2023\RegisterFile_20101181_2023.vhd" into library work
Parsing entity <RegisterFile_20101181_2023>.
Parsing architecture <Behavioral> of entity <registerfile_20101181_202>.
ERROR:HDLCompiler:374 - "C:\Users\user\Desktop\MIPS\MIPS_DinaAshraf_20101181_2023\RegisterFile_20101181_2023.vhd" Line 45: Entity <registerfile_20101181_202> is not yet compiled.
ERROR:HDLCompiler:24 - "C:\Users\user\Desktop\MIPS\MIPS_DinaAshraf_20101181_2023\RegisterFile_20101181_2023.vhd" Line 46: "**" expects 2 arguments
ERROR:HDLCompiler:845 - "C:\Users\user\Desktop\MIPS\MIPS_DinaAshraf_20101181_2023\RegisterFile_20101181_2023.vhd" Line 47: Type of aggregate cannot be determined without context ; 0 visible types match here
ERROR:HDLCompiler:69 - "C:\Users\user\Desktop\MIPS\MIPS_DinaAshraf_20101181_2023\RegisterFile_20101181_2023.vhd" Line 57: <data1> is not declared.
ERROR:HDLCompiler:69 - "C:\Users\user\Desktop\MIPS\MIPS_DinaAshraf_20101181_2023\RegisterFile_20101181_2023.vhd" Line 58: <data2> is not declared.
ERROR:HDLCompiler:541 - "C:\Users\user\Desktop\MIPS\MIPS_DinaAshraf_20101181_2023\RegisterFile_20101181_2023.vhd" Line 64: Type arr32 is not an array type and cannot be indexed.
ERROR:HDLCompiler:69 - "C:\Users\user\Desktop\MIPS\MIPS_DinaAshraf_20101181_2023\RegisterFile_20101181_2023.vhd" Line 62: <regwrite> is not declared.
ERROR:HDLCompiler:69 - "C:\Users\user\Desktop\MIPS\MIPS_DinaAshraf_20101181_2023\RegisterFile_20101181_2023.vhd" Line 60: <regwrite> is not declared.
ERROR:HDLCompiler:925 - "C:\Users\user\Desktop\MIPS\MIPS_DinaAshraf_20101181_2023\RegisterFile_20101181_2023.vhd" Line 46: Missing full type definition for arr32
VHDL file C:\Users\user\Desktop\MIPS\MIPS_DinaAshraf_20101181_2023\RegisterFile_20101181_2023.vhd ignored due to errors
--> 

Total memory usage is 4482200 kilobytes

Number of errors   :    9 (   0 filtered)
Number of warnings :    0 (   0 filtered)
Number of infos    :    0 (   0 filtered)

